TN:
SF:src\controllers\riskController.ts
FN:10,getRiskExplain
FN:15,(anonymous_1)
FN:41,postExplainRisk
FNF:3
FNH:3
FNDA:5,getRiskExplain
FNDA:1,(anonymous_1)
FNDA:3,postExplainRisk
DA:2,1
DA:3,1
DA:10,1
DA:11,5
DA:12,5
DA:13,5
DA:15,1
DA:18,4
DA:33,1
DA:41,1
DA:42,3
DA:43,3
DA:44,1
DA:47,1
DA:49,2
DA:50,2
DA:54,1
DA:56,1
LF:18
LH:18
BRDA:19,0,0,4
BRDA:19,0,1,2
BRDA:19,0,2,1
BRDA:20,1,0,4
BRDA:20,1,1,2
BRDA:20,1,2,1
BRDA:21,2,0,4
BRDA:21,2,1,3
BRDA:21,2,2,2
BRDA:23,3,0,4
BRDA:23,3,1,3
BRDA:23,3,2,2
BRDA:26,4,0,4
BRDA:26,4,1,4
BRDA:26,4,2,3
BRDA:27,5,0,4
BRDA:27,5,1,4
BRDA:29,6,0,4
BRDA:29,6,1,2
BRDA:29,6,2,2
BRDA:30,7,0,4
BRDA:30,7,1,2
BRDA:43,8,0,1
BRDA:43,8,1,2
BRF:24
BRH:24
end_of_record
TN:
SF:src\middlewares\auth.ts
FN:13,extractToken
FN:26,requireAuth
FN:42,requireRole
FN:44,(anonymous_3)
FNF:4
FNH:4
FNDA:4,extractToken
FNDA:4,requireAuth
FNDA:3,requireRole
FNDA:3,(anonymous_3)
DA:2,1
DA:4,1
DA:14,4
DA:15,4
DA:16,2
DA:19,2
DA:20,2
DA:21,1
DA:23,1
DA:26,1
DA:27,4
DA:28,4
DA:29,1
DA:30,1
DA:33,3
DA:34,3
DA:35,2
DA:36,2
DA:38,1
DA:42,1
DA:43,3
DA:44,3
DA:45,3
DA:46,1
DA:47,1
DA:49,2
DA:50,1
DA:51,1
DA:53,1
LF:29
LH:29
BRDA:15,0,0,2
BRDA:15,0,1,2
BRDA:15,1,0,4
BRDA:15,1,1,2
BRDA:19,2,0,1
BRDA:19,2,1,1
BRDA:20,3,0,1
BRDA:20,3,1,1
BRDA:28,4,0,1
BRDA:28,4,1,3
BRDA:43,5,0,1
BRDA:43,5,1,2
BRDA:45,6,0,1
BRDA:45,6,1,2
BRDA:49,7,0,1
BRDA:49,7,1,1
BRF:16
BRH:16
end_of_record
